TID: [-1] [] [2017-05-20 09:07:43,545]  INFO {org.wso2.carbon.identity.application.authentication.framework.store.OperationCleanUpService} -  Session Operation Data cleanup task is running successfully for removing expired Operation Data 
TID: [-1234] [] [2017-05-20 10:07:09,876]  INFO {org.wso2.carbon.core.init.CarbonServerManager} -  Shutdown hook triggered.... 
TID: [-1] [] [2017-05-20 10:07:10,203]  INFO {org.wso2.carbon.bpel.core.internal.BPELServiceComponent} -  Shutting down BPEL Server........ 
TID: [-1234] [] [2017-05-20 10:07:10,402]  INFO {org.wso2.carbon.core.init.CarbonServerManager} -  Gracefully shutting down WSO2 Identity Server... 
TID: [-1] [] [2017-05-20 10:07:10,402]  INFO {org.apache.ode.bpel.engine.BpelServerImpl} -  BPEL Server Stopped. 
TID: [-1] [] [2017-05-20 10:07:10,502]  INFO {org.wso2.carbon.bpel.core.ode.integration.BPELServerImpl} -  BPEL Server shutdown completed. 
TID: [-1234] [] [2017-05-20 10:07:10,738]  INFO {org.wso2.carbon.core.ServerManagement} -  Starting to switch to maintenance mode... 
TID: [-1234] [] [2017-05-20 10:07:10,787]  INFO {org.wso2.carbon.core.ServerManagement} -  Stopped all transport listeners 
TID: [-1234] [] [2017-05-20 10:07:10,787]  INFO {org.wso2.carbon.core.ServerManagement} -  Waiting for request service completion... 
TID: [-1234] [] [2017-05-20 10:07:11,384]  INFO {org.wso2.carbon.core.ServerManagement} -  All requests have been served. 
TID: [-1234] [] [2017-05-20 10:07:11,384]  INFO {org.wso2.carbon.core.ServerManagement} -  Waiting for deployment completion... 
TID: [-1234] [] [2017-05-20 10:07:12,417]  INFO {org.wso2.carbon.webapp.mgt.WebApplication} -  Unloaded webapp: StandardEngine[Catalina].StandardHost[localhost].StandardContext[/STRATOS_ROOT] 
TID: [-1234] [] [2017-05-20 10:07:12,468]  INFO {org.wso2.carbon.webapp.mgt.WebApplication} -  Unloaded webapp: StandardEngine[Catalina].StandardHost[localhost].StandardContext[/js] 
TID: [-1234] [] [2017-05-20 10:07:12,526]  INFO {org.wso2.carbon.webapp.mgt.WebApplication} -  Unloaded webapp: StandardEngine[Catalina].StandardHost[localhost].StandardContext[/css] 
TID: [-1234] [] [2017-05-20 10:07:12,601]  INFO {org.wso2.carbon.webapp.mgt.WebApplication} -  Unloaded webapp: StandardEngine[Catalina].StandardHost[localhost].StandardContext[/font-awesome] 
TID: [-1234] [] [2017-05-20 10:07:12,685]  INFO {org.wso2.carbon.webapp.mgt.WebApplication} -  Unloaded webapp: StandardEngine[Catalina].StandardHost[localhost].StandardContext[/images] 
TID: [-1234] [] [2017-05-20 10:07:12,753]  INFO {org.wso2.carbon.webapp.mgt.WebApplication} -  Unloaded webapp: StandardEngine[Catalina].StandardHost[localhost].StandardContext[/mex] 
TID: [-1234] [] [2017-05-20 10:07:12,905]  INFO {org.wso2.carbon.webapp.mgt.WebApplication} -  Unloaded webapp: StandardEngine[Catalina].StandardHost[localhost].StandardContext[/wso2] 
TID: [-1234] [] [2017-05-20 10:07:16,547]  INFO {org.wso2.carbon.webapp.mgt.WebApplication} -  Unloaded webapp: StandardEngine[Catalina].StandardHost[localhost].StandardContext[/smsotpauthenticationendpoint] 
TID: [-1234] [] [2017-05-20 10:07:24,819]  INFO {org.wso2.carbon.webapp.mgt.WebApplication} -  Unloaded webapp: StandardEngine[Catalina].StandardHost[localhost].StandardContext[/shindig] 
TID: [-1234] [] [2017-05-20 10:07:24,857]  INFO {org.wso2.carbon.webapp.mgt.WebApplication} -  Unloaded webapp: StandardEngine[Catalina].StandardHost[localhost].StandardContext[/mexut] 
TID: [-1234] [] [2017-05-20 10:07:32,158]  INFO {org.wso2.carbon.webapp.mgt.WebApplication} -  Unloaded webapp: StandardEngine[Catalina].StandardHost[localhost].StandardContext[/api/identity/entitlement] 
TID: [-1234] [] [2017-05-20 10:07:33,003]  INFO {org.wso2.carbon.webapp.mgt.WebApplication} -  Unloaded webapp: StandardEngine[Catalina].StandardHost[localhost].StandardContext[/oauth2] 
TID: [-1234] [] [2017-05-20 10:07:40,783]  INFO {org.wso2.carbon.webapp.mgt.WebApplication} -  Unloaded webapp: StandardEngine[Catalina].StandardHost[localhost].StandardContext[/api/identity/user/v0.9] 
TID: [-1234] [] [2017-05-20 10:07:49,932]  INFO {org.wso2.carbon.webapp.mgt.WebApplication} -  Unloaded webapp: StandardEngine[Catalina].StandardHost[localhost].StandardContext[/api/identity/recovery/v0.9] 
TID: [-1234] [] [2017-05-20 10:07:55,592]  INFO {org.wso2.carbon.webapp.mgt.WebApplication} -  Unloaded webapp: StandardEngine[Catalina].StandardHost[localhost].StandardContext[/authenticationendpoint] 
TID: [-1234] [] [2017-05-20 10:08:02,079]  INFO {org.wso2.carbon.webapp.mgt.WebApplication} -  Unloaded webapp: StandardEngine[Catalina].StandardHost[localhost].StandardContext[/emailotpauthenticationendpoint] 
TID: [-1234] [] [2017-05-20 10:08:04,731]  INFO {org.wso2.carbon.webapp.mgt.WebApplication} -  Unloaded webapp: StandardEngine[Catalina].StandardHost[localhost].StandardContext[/totpauthenticationendpoint] 
TID: [-1234] [] [2017-05-20 10:08:07,284]  INFO {org.wso2.carbon.webapp.mgt.WebApplication} -  Unloaded webapp: StandardEngine[Catalina].StandardHost[localhost].StandardContext[/accountrecoveryendpoint] 
TID: [-1234] [] [2017-05-20 10:08:07,370]  INFO {org.wso2.carbon.webapp.mgt.WebApplication} -  Unloaded webapp: StandardEngine[Catalina].StandardHost[localhost].StandardContext[/portal] 
TID: [-1234] [] [2017-05-20 10:08:07,430]  INFO {org.wso2.carbon.webapp.mgt.WebApplication} -  Unloaded webapp: StandardEngine[Catalina].StandardHost[localhost].StandardContext[/dashboard] 
TID: [-1234] [] [2017-05-20 10:08:07,430]  INFO {org.wso2.carbon.core.ServerManagement} -  All deployment tasks have been completed. 
TID: [-1234] [] [2017-05-20 10:08:07,430]  INFO {org.wso2.carbon.core.ServerManagement} -  Waiting for server task completion... 
TID: [-1234] [] [2017-05-20 10:08:07,430]  INFO {org.wso2.carbon.humantask.core.HumanTaskServerShutdown} -  Shutting down human task scheduler 
TID: [-1234] [] [2017-05-20 10:08:07,431]  INFO {org.wso2.carbon.core.ServerManagement} -  All server tasks have been completed. 
TID: [-1234] [] [2017-05-20 10:08:07,431]  INFO {org.wso2.carbon.core.init.CarbonServerManager} -  Shutting down WSO2 Identity Server... 
TID: [-1234] [] [2017-05-20 10:08:07,431]  INFO {org.wso2.carbon.core.init.CarbonServerManager} -  Shutting down OSGi framework... 
TID: [-1234] [] [2017-05-20 10:08:31,150]  INFO {org.wso2.carbon.event.publisher.core.EventPublisherDeployer} -  Event Publisher undeployed successfully : EmailPublisher.xml 
TID: [-1234] [] [2017-05-20 10:08:31,335]  INFO {org.wso2.carbon.event.publisher.core.EventPublisherDeployer} -  Event Publisher deployment held back and in inactive state : EmailPublisher.xml, waiting for Output Event Adapter dependency : email 
TID: [-1234] [] [2017-05-20 10:08:31,335]  INFO {org.wso2.carbon.event.publisher.core.internal.CarbonEventPublisherService} -  Event publisher : EmailPublisher  is in inactive state because dependency could not be found : email 
TID: [-1234] [] [2017-05-20 10:08:31,341]  INFO {org.wso2.carbon.event.publisher.core.EventPublisherDeployer} -  Event Publisher undeployed successfully : IsAnalytics-Publisher-wso2event-SessionData.xml 
TID: [-1234] [] [2017-05-20 10:08:31,445]  INFO {org.wso2.carbon.event.publisher.core.EventPublisherDeployer} -  Event Publisher deployment held back and in inactive state : IsAnalytics-Publisher-wso2event-SessionData.xml, waiting for Output Event Adapter dependency : wso2event 
TID: [-1234] [] [2017-05-20 10:08:31,445]  INFO {org.wso2.carbon.event.publisher.core.internal.CarbonEventPublisherService} -  Event publisher : IsAnalytics-Publisher-wso2event-SessionData  is in inactive state because dependency could not be found : wso2event 
TID: [-1234] [] [2017-05-20 10:08:31,446]  INFO {org.wso2.carbon.event.publisher.core.EventPublisherDeployer} -  Event Publisher undeployed successfully : IsAnalytics-Publisher-wso2event-AuthenticationData.xml 
TID: [-1234] [] [2017-05-20 10:08:31,555]  INFO {org.wso2.carbon.event.publisher.core.EventPublisherDeployer} -  Event Publisher deployment held back and in inactive state : IsAnalytics-Publisher-wso2event-AuthenticationData.xml, waiting for Output Event Adapter dependency : wso2event 
TID: [-1234] [] [2017-05-20 10:08:31,555]  INFO {org.wso2.carbon.event.publisher.core.internal.CarbonEventPublisherService} -  Event publisher : IsAnalytics-Publisher-wso2event-AuthenticationData  is in inactive state because dependency could not be found : wso2event 
TID: [-1234] [] [2017-05-20 10:08:31,555]  INFO {org.wso2.carbon.event.publisher.core.EventPublisherDeployer} -  Event Publisher undeployed successfully : IsAnalytics-Publisher-wso2event-UserData.xml 
TID: [-1234] [] [2017-05-20 10:08:31,652]  INFO {org.wso2.carbon.event.publisher.core.EventPublisherDeployer} -  Event Publisher deployment held back and in inactive state : IsAnalytics-Publisher-wso2event-UserData.xml, waiting for Output Event Adapter dependency : wso2event 
TID: [-1234] [] [2017-05-20 10:08:31,652]  INFO {org.wso2.carbon.event.publisher.core.internal.CarbonEventPublisherService} -  Event publisher : IsAnalytics-Publisher-wso2event-UserData  is in inactive state because dependency could not be found : wso2event 
TID: [-1234] [] [2017-05-20 10:08:31,652]  INFO {org.wso2.carbon.event.publisher.core.EventPublisherDeployer} -  Event Publisher undeployed successfully : IsAnalytics-Publisher-wso2event-OauthTokenIssueRefresh.xml 
TID: [-1234] [] [2017-05-20 10:08:31,752]  INFO {org.wso2.carbon.event.publisher.core.EventPublisherDeployer} -  Event Publisher deployment held back and in inactive state : IsAnalytics-Publisher-wso2event-OauthTokenIssueRefresh.xml, waiting for Output Event Adapter dependency : wso2event 
TID: [-1234] [] [2017-05-20 10:08:31,752]  INFO {org.wso2.carbon.event.publisher.core.internal.CarbonEventPublisherService} -  Event publisher : IsAnalytics-Publisher-wso2event-OauthTokenIssueRefresh  is in inactive state because dependency could not be found : wso2event 
TID: [-1234] [] [2017-05-20 10:08:31,752]  INFO {org.wso2.carbon.event.publisher.core.EventPublisherDeployer} -  Event Publisher undeployed successfully : IsAnalytics-Publisher-wso2event-OauthTokenValidation.xml 
TID: [-1234] [] [2017-05-20 10:08:31,867]  INFO {org.wso2.carbon.event.publisher.core.EventPublisherDeployer} -  Event Publisher deployment held back and in inactive state : IsAnalytics-Publisher-wso2event-OauthTokenValidation.xml, waiting for Output Event Adapter dependency : wso2event 
TID: [-1234] [] [2017-05-20 10:08:31,867]  INFO {org.wso2.carbon.event.publisher.core.internal.CarbonEventPublisherService} -  Event publisher : IsAnalytics-Publisher-wso2event-OauthTokenValidation  is in inactive state because dependency could not be found : wso2event 
TID: [-1234] [] [2017-05-20 10:08:31,868]  INFO {org.wso2.carbon.event.publisher.core.EventPublisherDeployer} -  Event Publisher undeployed successfully : IsAnalytics-Publisher-wso2event-OauthTokenRevocation.xml 
TID: [-1234] [] [2017-05-20 10:08:32,003]  INFO {org.wso2.carbon.event.publisher.core.EventPublisherDeployer} -  Event Publisher deployment held back and in inactive state : IsAnalytics-Publisher-wso2event-OauthTokenRevocation.xml, waiting for Output Event Adapter dependency : wso2event 
TID: [-1234] [] [2017-05-20 10:08:32,003]  INFO {org.wso2.carbon.event.publisher.core.internal.CarbonEventPublisherService} -  Event publisher : IsAnalytics-Publisher-wso2event-OauthTokenRevocation  is in inactive state because dependency could not be found : wso2event 
TID: [-1234] [] [2017-05-20 10:08:32,003]  INFO {org.wso2.carbon.event.publisher.core.EventPublisherDeployer} -  Event Publisher undeployed successfully : IsAnalytics-Publisher-wso2event-RoleData.xml 
TID: [-1234] [] [2017-05-20 10:08:32,092]  INFO {org.wso2.carbon.event.publisher.core.EventPublisherDeployer} -  Event Publisher deployment held back and in inactive state : IsAnalytics-Publisher-wso2event-RoleData.xml, waiting for Output Event Adapter dependency : wso2event 
TID: [-1234] [] [2017-05-20 10:08:32,092]  INFO {org.wso2.carbon.event.publisher.core.internal.CarbonEventPublisherService} -  Event publisher : IsAnalytics-Publisher-wso2event-RoleData  is in inactive state because dependency could not be found : wso2event 
TID: [-1234] [] [2017-05-20 10:08:32,303]  INFO {org.wso2.carbon.core.init.CarbonServerManager} -  Stopping CarbonServerManager... 
TID: [-1234] [] [2017-05-20 10:08:36,424]  INFO {org.wso2.carbon.tomcat.ext.internal.CarbonTomcatServiceComponent} -  Stopping the carbon web-app registered under : / 
TID: [-1234] [] [2017-05-20 10:08:36,548]  INFO {org.wso2.carbon.metrics.impl.reporter.AbstractReporter} -  Stopped JDBC reporter for Metrics 
TID: [-1234] [] [2017-05-20 10:08:36,548]  INFO {org.wso2.carbon.metrics.impl.reporter.AbstractReporter} -  Stopped JMX reporter for Metrics 
TID: [-1234] [] [2017-05-20 10:08:36,859]  INFO {org.wso2.carbon.attachment.mgt.server.internal.AttachmentServiceComponent} -  org.wso2.carbon.attachment.mgt.server.internal.AttachmentServiceComponent.deactivate 
TID: [-1234] [] [2017-05-20 10:09:08,779]  INFO {org.wso2.carbon.core.init.CarbonServerManager} -  Shutdown complete 
TID: [-1234] [] [2017-05-20 10:09:08,779]  INFO {org.wso2.carbon.core.init.CarbonServerManager} -  Halting JVM 
